<?xml version="1.0" encoding="UTF-8"?>
<!-- Generated by org.testng.reporters.JUnitXMLReporter -->
<testsuite hostname="TO-W7GL-15" ignored="4" name="Test" tests="4" failures="4" timestamp="05 Sep 2019 11:29:31 GMT" time="120.782" errors="0">
  <testcase name="createRealEstateBroker" time="112.682" classname="com.techouts.fanniemae.testcases.RealEstateBrokerSupplierCreationTest">
    <failure type="com.techouts.fanniemae.exceptions.FannieMaeBusinessException" message="throwing exception to make sure capturing testcase result to testNG">
      <![CDATA[com.techouts.fanniemae.exceptions.FannieMaeBusinessException: throwing exception to make sure capturing testcase result to testNG
at com.techouts.fanniemae.test.AbstractTest.performPostExceptionProcess(AbstractTest.java:221)
at com.techouts.fanniemae.testcases.RealEstateBrokerSupplierCreationTest.createRealEstateBroker(RealEstateBrokerSupplierCreationTest.java:224)
Caused by: com.techouts.fanniemae.exceptions.WebElementOperationException: Unable to perform click operation on WebElemet:[[ChromeDriver: chrome on XP (77ea2d72f1b75eae4e58dc9225c07b52)] -> id: body_x_tabc_x_contact_x_prxcontact_x_proxyContact_x_selContact_x_btnselContact_btn2]
at com.techouts.fanniemae.webelement.ops.WebElementOperations.throwWebElementOperationException(WebElementOperations.java:187)
at com.techouts.fanniemae.webelement.ops.WebElementOperations.click(WebElementOperations.java:159)
at com.techouts.fanniemae.testcases.RealEstateBrokerSupplierCreationTest.createRealEstateBroker(RealEstateBrokerSupplierCreationTest.java:162)
... 25 more
Caused by: com.techouts.fanniemae.exceptions.WebElementOperationException: Unknown error occurred while executing Javascript[arguments[0].style.border='5px solid blue'] on WebElement[[[ChromeDriver: chrome on XP (77ea2d72f1b75eae4e58dc9225c07b52)] -> id: body_x_tabc_x_contact_x_prxcontact_x_proxyContact_x_selContact_x_btnselContact_btn2]]
at com.techouts.fanniemae.webelement.ops.WebElementOperations.throwWebElementOperationException(WebElementOperations.java:187)
at com.techouts.fanniemae.webelement.ops.WebElementOperations.executeJS(WebElementOperations.java:181)
at com.techouts.fanniemae.webelement.ops.WebElementOperations.webElementHighlighter(WebElementOperations.java:164)
at com.techouts.fanniemae.webelement.ops.WebElementOperations.click(WebElementOperations.java:155)
... 26 more
Caused by: org.openqa.selenium.NoSuchElementException: no such element: Unable to locate element: {"method":"css selector","selector":"#body_x_tabc_x_contact_x_prxcontact_x_proxyContact_x_selContact_x_btnselContact_btn2"}
  (Session info: chrome=76.0.3809.132)
For documentation on this error, please visit: https://www.seleniumhq.org/exceptions/no_such_element.html
Build info: version: '3.141.59', revision: 'e82be7d358', time: '2018-11-14T08:17:03'
System info: host: 'TO-W7GL-15', ip: '192.168.1.147', os.name: 'Windows 10', os.arch: 'amd64', os.version: '10.0', java.version: '1.8.0_221'
Driver info: org.openqa.selenium.chrome.ChromeDriver
Capabilities {acceptInsecureCerts: false, browserName: chrome, browserVersion: 76.0.3809.132, chrome: {chromedriverVersion: 76.0.3809.68 (420c9498db8ce..., userDataDir: C:\Users\TO-W7G~1\AppData\L...}, goog:chromeOptions: {debuggerAddress: localhost:54813}, javascriptEnabled: true, networkConnectionEnabled: false, pageLoadStrategy: normal, platform: XP, platformName: XP, proxy: Proxy(), setWindowRect: true, strictFileInteractability: false, timeouts: {implicit: 0, pageLoad: 300000, script: 30000}, unhandledPromptBehavior: dismiss and notify}
Session ID: 77ea2d72f1b75eae4e58dc9225c07b52
*** Element info: {Using=id, value=body_x_tabc_x_contact_x_prxcontact_x_proxyContact_x_selContact_x_btnselContact_btn2}
at org.openqa.selenium.remote.http.W3CHttpResponseCodec.createException(W3CHttpResponseCodec.java:187)
at org.openqa.selenium.remote.http.W3CHttpResponseCodec.decode(W3CHttpResponseCodec.java:122)
at org.openqa.selenium.remote.http.W3CHttpResponseCodec.decode(W3CHttpResponseCodec.java:49)
at org.openqa.selenium.remote.HttpCommandExecutor.execute(HttpCommandExecutor.java:158)
at org.openqa.selenium.remote.service.DriverCommandExecutor.execute(DriverCommandExecutor.java:83)
at org.openqa.selenium.remote.RemoteWebDriver.execute(RemoteWebDriver.java:552)
at org.openqa.selenium.remote.RemoteWebDriver.findElement(RemoteWebDriver.java:323)
at org.openqa.selenium.remote.RemoteWebDriver.findElementById(RemoteWebDriver.java:372)
at org.openqa.selenium.By$ById.findElement(By.java:188)
at org.openqa.selenium.remote.RemoteWebDriver.findElement(RemoteWebDriver.java:315)
at org.openqa.selenium.support.pagefactory.DefaultElementLocator.findElement(DefaultElementLocator.java:69)
at org.openqa.selenium.support.pagefactory.internal.LocatingElementHandler.invoke(LocatingElementHandler.java:38)
at com.sun.proxy.$Proxy11.getWrappedElement(Unknown Source)
at org.openqa.selenium.remote.internal.WebElementToJsonConverter.apply(WebElementToJsonConverter.java:50)
at java.util.stream.ReferencePipeline$3$1.accept(Unknown Source)
at java.util.Spliterators$ArraySpliterator.forEachRemaining(Unknown Source)
at java.util.stream.AbstractPipeline.copyInto(Unknown Source)
at java.util.stream.AbstractPipeline.wrapAndCopyInto(Unknown Source)
at java.util.stream.ReduceOps$ReduceOp.evaluateSequential(Unknown Source)
at java.util.stream.AbstractPipeline.evaluate(Unknown Source)
at java.util.stream.ReferencePipeline.collect(Unknown Source)
at org.openqa.selenium.remote.RemoteWebDriver.executeScript(RemoteWebDriver.java:484)
at com.techouts.fanniemae.webelement.ops.WebElementOperations.executeJS(WebElementOperations.java:176)
... 28 more
... Removed 29 stack frames]]>
    </failure>
  </testcase> <!-- createRealEstateBroker -->
  <testcase name="createCorporateSupplier" time="1.662" classname="com.techouts.fanniemae.testcases.CorporateSupplierCreationTest">
    <failure type="com.techouts.fanniemae.exceptions.FannieMaeBusinessException" message="throwing exception to make sure capturing testcase result to testNG">
      <![CDATA[com.techouts.fanniemae.exceptions.FannieMaeBusinessException: throwing exception to make sure capturing testcase result to testNG
at com.techouts.fanniemae.test.AbstractTest.performPostExceptionProcess(AbstractTest.java:221)
at com.techouts.fanniemae.testcases.CorporateSupplierCreationTest.createCorporateSupplier(CorporateSupplierCreationTest.java:88)
Caused by: com.techouts.fanniemae.exceptions.WebElementOperationException: Error occurred while comparing the ActualPageTitle[Corporate Procurement HomePage: Buyer Fannie Mae] with ExpectedPageTitle[Login: Buyer Fannie Mae].
at com.techouts.fanniemae.webelement.ops.WebElementOperations.throwWebElementOperationException(WebElementOperations.java:187)
at com.techouts.fanniemae.webelement.ops.WebElementOperations.verifyPageTitle(WebElementOperations.java:92)
at com.techouts.fanniemae.testcases.CorporateSupplierCreationTest.createCorporateSupplier(CorporateSupplierCreationTest.java:63)
... 25 more
Caused by: com.techouts.fanniemae.exceptions.AssertException: Page title is not as expected.
at com.techouts.fanniemae.util.Assert.assertEquals(Assert.java:26)
at com.techouts.fanniemae.webelement.ops.WebElementOperations.verifyPageTitle(WebElementOperations.java:89)
... 26 more
... Removed 25 stack frames]]>
    </failure>
  </testcase> <!-- createCorporateSupplier -->
  <testcase name="createSpecialRequestsRequisitions" time="2.17" classname="com.techouts.fanniemae.testcases.CreateRequisitionsTest">
    <failure type="com.techouts.fanniemae.exceptions.FannieMaeBusinessException" message="throwing exception to make sure capturing testcase result to testNG">
      <![CDATA[com.techouts.fanniemae.exceptions.FannieMaeBusinessException: throwing exception to make sure capturing testcase result to testNG
at com.techouts.fanniemae.test.AbstractTest.performPostExceptionProcess(AbstractTest.java:221)
at com.techouts.fanniemae.testcases.CreateRequisitionsTest.createSpecialRequestsRequisitions(CreateRequisitionsTest.java:60)
Caused by: com.techouts.fanniemae.exceptions.WebElementOperationException: Error occurred while comparing the ActualPageTitle[Corporate Procurement HomePage: Buyer Fannie Mae] with ExpectedPageTitle[Login: Buyer Fannie Mae].
at com.techouts.fanniemae.webelement.ops.WebElementOperations.throwWebElementOperationException(WebElementOperations.java:187)
at com.techouts.fanniemae.webelement.ops.WebElementOperations.verifyPageTitle(WebElementOperations.java:92)
at com.techouts.fanniemae.testcases.CreateRequisitionsTest.createSpecialRequestsRequisitions(CreateRequisitionsTest.java:36)
... 25 more
Caused by: com.techouts.fanniemae.exceptions.AssertException: Page title is not as expected.
at com.techouts.fanniemae.util.Assert.assertEquals(Assert.java:26)
at com.techouts.fanniemae.webelement.ops.WebElementOperations.verifyPageTitle(WebElementOperations.java:89)
... 26 more
... Removed 25 stack frames]]>
    </failure>
  </testcase> <!-- createSpecialRequestsRequisitions -->
  <testcase name="commodityApprovalforSubmittedRequest" time="3.745" classname="com.techouts.fanniemae.testcases.CreateRequisitionsTest">
    <failure type="com.techouts.fanniemae.exceptions.FannieMaeBusinessException" message="throwing exception to make sure capturing testcase result to testNG">
      <![CDATA[com.techouts.fanniemae.exceptions.FannieMaeBusinessException: throwing exception to make sure capturing testcase result to testNG
at com.techouts.fanniemae.test.AbstractTest.performPostExceptionProcess(AbstractTest.java:221)
at com.techouts.fanniemae.testcases.CreateRequisitionsTest.commodityApprovalforSubmittedRequest(CreateRequisitionsTest.java:117)
Caused by: com.techouts.fanniemae.exceptions.AssertException: Fails to Create Requistion successfully, Sorry! skipping the approval flow
at com.techouts.fanniemae.util.Assert.assertTrue(Assert.java:16)
at com.techouts.fanniemae.testcases.CreateRequisitionsTest.commodityApprovalforSubmittedRequest(CreateRequisitionsTest.java:71)
... 25 more
... Removed 25 stack frames]]>
    </failure>
  </testcase> <!-- commodityApprovalforSubmittedRequest -->
  <testcase name="@AfterSuite afterSuite" time="0.0" classname="com.techouts.fanniemae.test.AbstractTest">
    <ignored/>
  </testcase> <!-- @AfterSuite afterSuite -->
  <testcase name="@AfterSuite afterSuite" time="0.0" classname="com.techouts.fanniemae.test.AbstractTest">
    <ignored/>
  </testcase> <!-- @AfterSuite afterSuite -->
  <testcase name="@BeforeSuite beforeSuite" time="0.0" classname="com.techouts.fanniemae.test.AbstractTest">
    <ignored/>
  </testcase> <!-- @BeforeSuite beforeSuite -->
  <testcase name="@BeforeSuite beforeSuite" time="0.0" classname="com.techouts.fanniemae.test.AbstractTest">
    <ignored/>
  </testcase> <!-- @BeforeSuite beforeSuite -->
</testsuite> <!-- Test -->
